[23:00:37] [Server thread/INFO]: Starting minecraft server version 1.7.9
[23:00:37] [Server thread/INFO]: Loading properties
[23:00:37] [Server thread/INFO]: Default game type: SURVIVAL
[23:00:37] [Server thread/INFO]: Generating keypair
[23:00:38] [Server thread/INFO]: Starting Minecraft server on 192.168.56.104:25565
[23:00:39] [Server thread/WARN]: **** SERVER IS RUNNING IN OFFLINE/INSECURE MODE!
[23:00:39] [Server thread/WARN]: The server will make no attempt to authenticate usernames. Beware.
[23:00:39] [Server thread/WARN]: While this makes the game possible to play without internet access, it also opens up the ability for hackers to connect with any username they choose.
[23:00:39] [Server thread/WARN]: To change this, set "online-mode" to "true" in the server.properties file.
[23:00:39] [Server thread/INFO]: Preparing level "world"
[23:00:39] [Server thread/INFO]: Preparing start region for level 0
[23:00:40] [Server thread/INFO]: Preparing spawn area: 0%
[23:00:41] [Server thread/INFO]: Preparing spawn area: 5%
[23:00:42] [Server thread/INFO]: Preparing spawn area: 27%
[23:00:44] [Server thread/INFO]: Preparing spawn area: 59%
[23:00:44] [Server thread/INFO]: Done (5.674s)! For help, type "help" or "?"
[23:00:48] [Server thread/WARN]: Can't keep up! Did the system time change, or is the server overloaded? Running 2700ms behind, skipping 54 tick(s)
[23:07:11] [Server thread/INFO]: [Server] SERVER BACKUP STARTING. Server going readonly...
[23:07:11] [Server thread/INFO]: Turned off world auto-saving
[23:07:11] [Server thread/INFO]: Saving...
[23:07:11] [Server thread/INFO]: Saved the world
[23:07:22] [Server thread/INFO]: Turned on world auto-saving
[23:07:22] [Server thread/INFO]: [Server] SERVER BACKUP ENDED. Server going read-write...
